<?xml version="1.0" encoding="UTF-8"?>
<!-- Generated by org.testng.reporters.JUnitXMLReporter -->
<testsuite hostname="LAPTOP-B120C2NT" ignored="12" name="Default test" tests="1" failures="0" timestamp="31 Aug 2018 23:53:42 GMT" time="22.524" errors="0">
  <testcase name="test" time="8.812" classname="main.NewTest"/>
  <testcase name="quickCreateTicket" time="0.0" classname="main.NewTest">
    <ignored/>
  </testcase> <!-- quickCreateTicket -->
  <testcase name="quickCreateContactForm" time="0.0" classname="main.NewTest">
    <ignored/>
  </testcase> <!-- quickCreateContactForm -->
  <testcase name="quickCreateEventForm" time="0.0" classname="main.NewTest">
    <ignored/>
  </testcase> <!-- quickCreateEventForm -->
  <testcase name="testValidLogin" time="0.0" classname="main.NewTest">
    <ignored/>
  </testcase> <!-- testValidLogin -->
  <testcase name="quickCreateDocUpload" time="0.0" classname="main.NewTest">
    <ignored/>
  </testcase> <!-- quickCreateDocUpload -->
  <testcase name="quickCreateTicketForm" time="0.0" classname="main.NewTest">
    <ignored/>
  </testcase> <!-- quickCreateTicketForm -->
  <testcase name="quickCreateDocUrl" time="0.0" classname="main.NewTest">
    <ignored/>
  </testcase> <!-- quickCreateDocUrl -->
  <testcase name="quickCreateDocNew" time="0.0" classname="main.NewTest">
    <ignored/>
  </testcase> <!-- quickCreateDocNew -->
  <testcase name="quickCreateTaskForm" time="0.0" classname="main.NewTest">
    <ignored/>
  </testcase> <!-- quickCreateTaskForm -->
  <testcase name="quickCreateServiceForm" time="0.0" classname="main.NewTest">
    <ignored/>
  </testcase> <!-- quickCreateServiceForm -->
  <testcase name="quickCreateOrganizationForm" time="0.0" classname="main.NewTest">
    <ignored/>
  </testcase> <!-- quickCreateOrganizationForm -->
  <testcase name="testSignOut" time="0.0" classname="main.NewTest">
    <ignored/>
  </testcase> <!-- testSignOut -->
</testsuite> <!-- Default test -->
