<?xml version="1.0" encoding="UTF-8"?>
<testng-results skipped="0" failed="0" ignored="12" total="13" passed="1">
  <reporter-output>
  </reporter-output>
  <suite name="Default suite" duration-ms="27660" started-at="2018-08-30T10:49:44Z" finished-at="2018-08-30T10:50:12Z">
    <groups>
    </groups>
    <test name="Default test" duration-ms="27660" started-at="2018-08-30T10:49:44Z" finished-at="2018-08-30T10:50:12Z">
      <class name="main.NewTest">
        <test-method status="PASS" signature="openSite()[pri:0, instance:main.NewTest@3043fe0e]" name="openSite" is-config="true" duration-ms="6663" started-at="2018-08-30T10:49:44Z" finished-at="2018-08-30T10:49:51Z">
          <reporter-output>
          </reporter-output>
        </test-method> <!-- openSite -->
        <test-method status="PASS" signature="signIn()[pri:0, instance:main.NewTest@3043fe0e]" name="signIn" is-config="true" duration-ms="9548" started-at="2018-08-30T10:49:51Z" finished-at="2018-08-30T10:50:01Z">
          <reporter-output>
          </reporter-output>
        </test-method> <!-- signIn -->
        <test-method status="PASS" signature="test()[pri:12, instance:main.NewTest@3043fe0e]" name="test" duration-ms="11421" started-at="2018-08-30T10:50:01Z" finished-at="2018-08-30T10:50:12Z">
          <reporter-output>
          </reporter-output>
        </test-method> <!-- test -->
      </class> <!-- main.NewTest -->
    </test> <!-- Default test -->
  </suite> <!-- Default suite -->
</testng-results>
